Starting JAM FIB Builder Node
  Validator Index: 6
  Chain Spec: /root/go/src/github.com/colorfulnotion/jamt/release/chainspecs/jamduna-spec.json
  Data Path: /root/go/src/github.com/colorfulnotion/jamt/release/state
  FIB RPC Port: 8601
  Viewer Port: 0
  Service ID: 15
  PVM Backend: compiler
  Txs Per Block: 4
  Run Block Range: 1..3
  Run Max Delay: 1s
  Max Pending Blocks: 256
  Pending Soft Limit: auto

[1/7] Reading chainspec...
✓ Chainspec loaded

[2/7] Extracting validators...
✓ Found 6 validators

[3/7] Building peer list...
✓ Peer list built with 6 peers

[4/7] Loading validator credentials...
✓ Loaded credentials for validator 6
  SanID: eg6obgy5kkagaxy5kcekqpz7rxzhj7sxcc2mmqk3lpaprcnt26adb@0.0.0.0:40006

[5/7] Creating builder node...
  Port: 40006
  Data: /root/go/src/github.com/colorfulnotion/jamt/release/state/jam-6
[32mINFO [0m[02-19|13:27:09.575] [N6] eg6obgy5kkagaxy5kcekqpz7rxzhj7sxcc2mmqk3lpaprcnt26adb@0.0.0.0:40006
[32mINFO [0m[02-19|13:27:09.575] NewNode [N6]                             [32mspec[0m=jamduna [32maddr[0m=0.0.0.0:40006 [32mdataDir[0m=/root/go/src/github.com/colorfulnotion/jamt/release/state/jam-6 [32mrole[0m=builder
[N6] addr=0.0.0.0:40006, dataDir=/root/go/src/github.com/colorfulnotion/jamt/release/state/jam-6
[32mINFO [0m[02-19|13:27:09.577] NewStorageHub: opening LevelDB           [32mpath[0m=/root/go/src/github.com/colorfulnotion/jamt/release/state/jam-6/leveldb/40006/ [32mnodeID[0m=6
[32mINFO [0m[02-19|13:27:09.592] NewStorageHub: LevelDB opened successfully [32mpath[0m=/root/go/src/github.com/colorfulnotion/jamt/release/state/jam-6/leveldb/40006/
[32mINFO [0m[02-19|13:27:09.622] GetFinalizedBlock                        [32mblock_hash[0m=0x2531a16fa6717458a12d8252381223aad7cd9f9a75e07adb3a413b8320da62bf
[N6] running on buildV: d6fbb199
[32mINFO [0m[02-19|13:27:09.622] Builder node using /builder ALPN (with fallback) [32mid[0m=6 [32malpn[0m=jamnp-s/0/2531a16f/builder
[32mINFO [0m[02-19|13:27:09.623] ListenAddr                               [32maddr[0m=0.0.0.0:40006
[32mINFO [0m[02-19|13:27:09.623] "🔄 addStateDB: first state added"     [32mnodeID[0m=6 [32mstateRoot[0m=0xd29a5268135157 [32mheaderHash[0m=0x2531a16fa67174
[32mINFO [0m[02-19|13:27:09.623] Builder node starting initial sync       [32mid[0m=6 [32mnumPeers[0m=6
[32mINFO [0m[02-19|13:27:09.623] Builder: initial sync                    [32mpeerID[0m=0 [32msan[0m=eecgwpgwq3noky4ijm4jmvjtmuzv44qvigciusxakq5epnrfj2utb@127.0.0.1:40000
[32mINFO [0m[02-19|13:27:09.632] newNode:extendChain                      [32mblock_hash[0m=0x7c1cb4acfb952063d5f838d2b007d6f7838a9b87d2fbc83ae1dc1ae37807f6af
[32mINFO [0m[02-19|13:27:09.700] "⚡ Imported Block"                     [32mn[0m=[N6] [32mauthor[0m=2 [32ms+[0m=27cf..e6a0 [32mp[0m=2531..62bf [32mh[0m=c9a4..7a6c [32me'[0m=496,868 [32mm'[0m=8 [32m"len(γ_a')"[0m=0 [32mmode[0m=fallback [32mblk[0m="H_t=5962424 H_r=d29a..c896  EpochMarker(η1'=3b70..1600, η2'=7fd4..c53d)"
[32mINFO [0m[02-19|13:27:09.708] "⚡ Imported Block"                     [32mn[0m=[N6] [32mauthor[0m=1 [32ms+[0m=00ab..99b7 [32mp[0m=c9a4..7a6c [32mh[0m=55f4..9e6a [32me'[0m=496,868 [32mm'[0m=9 [32m"len(γ_a')"[0m=0 [32mmode[0m=fallback [32mblk[0m="H_t=5962425 H_r=27cf..e6a0 "
[32mINFO [0m[02-19|13:27:09.717] "⚡ Imported Block"                     [32mn[0m=[N6] [32mauthor[0m=3 [32ms+[0m=205c..1142 [32mp[0m=55f4..9e6a [32mh[0m=a15b..b1d4 [32me'[0m=496,868 [32mm'[0m=11 [32m"len(γ_a')"[0m=0 [32mmode[0m=fallback [32mblk[0m="H_t=5962427 H_r=00ab..99b7 "
[32mINFO [0m[02-19|13:27:09.735] "⚡ Imported Block"                     [32mn[0m=[N6] [32mauthor[0m=4 [32ms+[0m=2eb3..78f1 [32mp[0m=a15b..b1d4 [32mh[0m=dbaa..3041 [32me'[0m=496,869 [32mm'[0m=0  [32m"len(γ_a')"[0m=0 [32mmode[0m=fallback [32mblk[0m="H_t=5962428 H_r=205c..1142  EpochMarker(η1'=f564..3f77, η2'=3b70..1600)"
[32mINFO [0m[02-19|13:27:09.743] "⚡ Imported Block"                     [32mn[0m=[N6] [32mauthor[0m=4 [32ms+[0m=b0ed..d9a1 [32mp[0m=dbaa..3041 [32mh[0m=5980..c72b [32me'[0m=496,869 [32mm'[0m=1  [32m"len(γ_a')"[0m=0 [32mmode[0m=fallback [32mblk[0m="H_t=5962429 H_r=2eb3..78f1 "
[32mINFO [0m[02-19|13:27:09.751] "⚡ Imported Block"                     [32mn[0m=[N6] [32mauthor[0m=2 [32ms+[0m=a59e..01ac [32mp[0m=5980..c72b [32mh[0m=7c1c..f6af [32me'[0m=496,869 [32mm'[0m=2  [32m"len(γ_a')"[0m=0 [32mmode[0m=fallback [32mblk[0m="H_t=5962430 H_r=b0ed..d9a1 "
[32mINFO [0m[02-19|13:27:09.751] Builder: initializing block announcement streams
✓ Builder node created
HTTP JSON-RPC server started, listening on :8551
JIP-2 WebSocket endpoint available at ws://127.0.0.1:8551
JIP-2 WebSocket endpoint available at ws://127.0.0.1:8551/ws
Warning: Failed to initialize telemetry: failed to connect telemetry client: failed to connect to telemetry server at localhost:9999: dial tcp 127.0.0.1:9999: connect: connection refused

[6/7] Waiting for network sync...
HTTP JSON-RPC server started, listening on :19806
JIP-2 WebSocket endpoint available at ws://127.0.0.1:19806
JIP-2 WebSocket endpoint available at ws://127.0.0.1:19806/ws
[32mINFO [0m[02-19|13:27:09.754] Builder: block announcement stream established [32mpeer[0m=eecgwpgwq3noky4ijm4jmvjtmuzv44qvigciusxakq5epnrfj2utb@127.0.0.1:40000
[32mINFO [0m[02-19|13:27:09.758] Builder: block announcement stream established [32mpeer[0m=eled3vb5nse3n7cii6ybvtms5s2bdwvlkivc7cnwa33oatby4txka@127.0.0.1:40004
[32mINFO [0m[02-19|13:27:09.758] Builder: block announcement stream established [32mpeer[0m=en5ejs5b2tybkfh4ym5vpfh7nynby73xhtfzmazumtvcijpcsz6ma@127.0.0.1:40001
[32mINFO [0m[02-19|13:27:09.758] Builder: block announcement stream established [32mpeer[0m=etxckkczii4mvm22ox4m3horvx2bwlzerjxbd3n6c36qehdms2idb@127.0.0.1:40003
[32mINFO [0m[02-19|13:27:09.758] Builder: block announcement stream established [32mpeer[0m=ekwmt37xecoq6a7otkm4ux5gfmm4uwbat4bg5m223shckhaaxdpqa@127.0.0.1:40002
  Waiting for sync... (3s elapsed)
[31mERROR[0m[02-19|13:27:14.755] GetOrInitBlockAnnouncementStream         [31merr[0m="timeout: no recent network activity"
[33mWARN [0m[02-19|13:27:14.755] Builder: failed to init block announcement stream [33mpeer[0m=elfaiiixcuzmzroa34lajwp52cdsucikaxdviaoeuvnygdi3imtba@127.0.0.1:40005 [33merr[0m="peer elfaiiixcuzmzroa34lajwp52cdsucikaxdviaoeuvnygdi3imtba connection is nil"
  Waiting for sync... (6s elapsed)
[31mERROR[0m[02-19|13:27:18.025] CE128 SendBlockRequest:receiveQuicBytes  [31mpeerKey[0m=ekwmt37xecoq6a7otkm4ux5gfmm4uwbat4bg5m223shckhaaxdpqa [31merr[0m="stream 4 canceled by remote with error code 4098"
[33mWARN [0m[02-19|13:27:18.025] GetMiddleBlocks                          [33mattempt[0m=1 [33mnum[0m=5,962,473 [33mblockHash[0m=0xcc32701e8cd5a2aaab5e51fa79e349360b243020985537b7f84a553a9dd276ef [33mblocksRaw.Len[0m=0 [33misSync[0m=false
[32mINFO [0m[02-19|13:27:18.025] SetIsSync                                [32mn[0m=[N6] [32misSync[0m=false [32mreason[0m="behind others"
[33mWARN [0m[02-19|13:27:18.025] SendBlockRequest failed, selecting new peer [33mattempt[0m=1 [33mblockHash[0m=0xcc32701e8cd5a2aaab5e51fa79e349360b243020985537b7f84a553a9dd276ef [33mlastErr[0m="stream 4 canceled by remote with error code 4098"
[32mINFO [0m[02-19|13:27:18.025] SendBlockRequest: switched to new peer   [32mnewPeerKey[0m=eled3vb5nse3n7cii6ybvtms5s2bdwvlkivc7cnwa33oatby4txka
[33mWARN [0m[02-19|13:27:18.028] GetMiddleBlocks                          [33mattempt[0m=2 [33mnum[0m=5,962,473 [33mblockHash[0m=0xcc32701e8cd5a2aaab5e51fa79e349360b243020985537b7f84a553a9dd276ef [33mblocksRaw.Len[0m=6 [33misSync[0m=false
[32mINFO [0m[02-19|13:27:18.028] SetIsSync                                [32mn[0m=[N6] [32misSync[0m=false [32mreason[0m="behind others"
[32mINFO [0m[02-19|13:27:18.028] SendBlockRequest succeeded               [32mattempt[0m=2 [32mblockHash[0m=0xcc32701e8cd5a2aaab5e51fa79e349360b243020985537b7f84a553a9dd276ef
✓ Synced! Finalized block: slot 5962424 (took 9s)

[7/7] Setting up FIB builder and RPC server...
[33mWARN [0m[02-19|13:27:18.752] Queue adapter storage missing root-based methods [33mservice[0m=Fib [33mserviceID[0m=15
[32mINFO [0m[02-19|13:27:18.753] FIB RPC server started                   [32mport[0m=8601 [32maddress[0m=http://localhost:8601
✓ FIB RPC server started on port 8601
✓ FIB viewer disabled (viewer-port=0)

========================================
FIB Builder Ready!
  FIB RPC: http://localhost:8601
  Viewer: disabled
  Service ID: 15
  Validator: 6
========================================
[32mINFO [0m[02-19|13:27:18.753] Queue Runner: Starting                   [32mservice[0m=15  [32mtickInterval[0m=1s
[32mINFO [0m[02-19|13:27:20.754] FIB: built rollup block                  [32mserviceID[0m=15 [32mblockNumber[0m=25 [32mtxs[0m=4 [32mrangeStart[0m=1 [32mrangeEnd[0m=25
[33mWARN [0m[02-19|13:27:20.754] BroadcastRollupAnnouncement: no targets sent [33mserviceID[0m=15 [33mcheckpoint[0m=1 [33mvalidators[0m=1 [33mmissingPeers[0m=0
[33mWARN [0m[02-19|13:27:20.754] Failed to process rollup announcement    [33mserviceID[0m=15 [33merr[0m="auth queue validation failed: authorizer hash does not match auth queue entry"
[32mINFO [0m[02-19|13:27:21.254] Rollup builder: BuildWorkPackage waiting for rollup finality [32mservice[0m=Fib [32mrunBlocks[0m=1 [32merr[0m="rollup finality not reached"
[32mINFO [0m[02-19|13:27:21.754] FIB: built rollup block                  [32mserviceID[0m=15 [32mblockNumber[0m=36 [32mtxs[0m=4 [32mrangeStart[0m=26 [32mrangeEnd[0m=36
[33mWARN [0m[02-19|13:27:21.754] BroadcastRollupAnnouncement: no targets sent [33mserviceID[0m=15 [33mcheckpoint[0m=1 [33mvalidators[0m=1 [33mmissingPeers[0m=0
[33mWARN [0m[02-19|13:27:21.754] Failed to process rollup announcement    [33mserviceID[0m=15 [33merr[0m="auth queue validation failed: authorizer hash does not match auth queue entry"
[32mINFO [0m[02-19|13:27:22.754] FIB: built rollup block                  [32mserviceID[0m=15 [32mblockNumber[0m=52 [32mtxs[0m=4 [32mrangeStart[0m=37 [32mrangeEnd[0m=52
[33mWARN [0m[02-19|13:27:22.754] BroadcastRollupAnnouncement: no targets sent [33mserviceID[0m=15 [33mcheckpoint[0m=1 [33mvalidators[0m=1 [33mmissingPeers[0m=0
[33mWARN [0m[02-19|13:27:22.754] Failed to process rollup announcement    [33mserviceID[0m=15 [33merr[0m="auth queue validation failed: authorizer hash does not match auth queue entry"
[31mERROR[0m[02-19|13:27:23.031] GetOrInitBlockAnnouncementStream         [31merr[0m="timeout: no recent network activity"
[33mWARN [0m[02-19|13:27:23.031] GetOrInitBlockAnnouncementStream         [33mn[0m=[N6] [33m->p[0m=elfaiiixcuzmzroa34lajwp52cdsucikaxdviaoeuvnygdi3imtba [33merr[0m="peer elfaiiixcuzmzroa34lajwp52cdsucikaxdviaoeuvnygdi3imtba connection is nil"
[32mINFO [0m[02-19|13:27:23.753] FIB: built rollup block                  [32mserviceID[0m=15 [32mblockNumber[0m=71 [32mtxs[0m=4 [32mrangeStart[0m=53 [32mrangeEnd[0m=71
[33mWARN [0m[02-19|13:27:23.753] BroadcastRollupAnnouncement: no targets sent [33mserviceID[0m=15 [33mcheckpoint[0m=1 [33mvalidators[0m=1 [33mmissingPeers[0m=0
[33mWARN [0m[02-19|13:27:23.753] Failed to process rollup announcement    [33mserviceID[0m=15 [33merr[0m="auth queue validation failed: authorizer hash does not match auth queue entry"
[32mINFO [0m[02-19|13:27:24.753] FIB: built rollup block                  [32mserviceID[0m=15 [32mblockNumber[0m=97 [32mtxs[0m=4 [32mrangeStart[0m=72 [32mrangeEnd[0m=97
[33mWARN [0m[02-19|13:27:24.753] BroadcastRollupAnnouncement: no targets sent [33mserviceID[0m=15 [33mcheckpoint[0m=1 [33mvalidators[0m=1 [33mmissingPeers[0m=0
[33mWARN [0m[02-19|13:27:24.753] Failed to process rollup announcement    [33mserviceID[0m=15 [33merr[0m="auth queue validation failed: authorizer hash does not match auth queue entry"
[32mINFO [0m[02-19|13:27:24.754] Rollup builder: BuildWorkPackage waiting for rollup finality [32mservice[0m=Fib [32mrunBlocks[0m=3 [32merr[0m="rollup finality not reached"
[32mINFO [0m[02-19|13:27:25.753] FIB: built rollup block                  [32mserviceID[0m=15 [32mblockNumber[0m=112 [32mtxs[0m=4 [32mrangeStart[0m=98 [32mrangeEnd[0m=112
[33mWARN [0m[02-19|13:27:25.753] BroadcastRollupAnnouncement: no targets sent [33mserviceID[0m=15 [33mcheckpoint[0m=1 [33mvalidators[0m=1 [33mmissingPeers[0m=0
[33mWARN [0m[02-19|13:27:25.754] Failed to process rollup announcement    [33mserviceID[0m=15 [33merr[0m="auth queue validation failed: authorizer hash does not match auth queue entry"
[32mINFO [0m[02-19|13:27:26.754] FIB: built rollup block                  [32mserviceID[0m=15 [32mblockNumber[0m=129 [32mtxs[0m=4 [32mrangeStart[0m=113 [32mrangeEnd[0m=129
[33mWARN [0m[02-19|13:27:26.754] BroadcastRollupAnnouncement: no targets sent [33mserviceID[0m=15 [33mcheckpoint[0m=1 [33mvalidators[0m=1 [33mmissingPeers[0m=0
[33mWARN [0m[02-19|13:27:26.754] Failed to process rollup announcement    [33mserviceID[0m=15 [33merr[0m="auth queue validation failed: authorizer hash does not match auth queue entry"
[32mINFO [0m[02-19|13:27:27.754] FIB: built rollup block                  [32mserviceID[0m=15 [32mblockNumber[0m=155 [32mtxs[0m=4 [32mrangeStart[0m=130 [32mrangeEnd[0m=155
[33mWARN [0m[02-19|13:27:27.754] BroadcastRollupAnnouncement: no targets sent [33mserviceID[0m=15 [33mcheckpoint[0m=1 [33mvalidators[0m=1 [33mmissingPeers[0m=0
[33mWARN [0m[02-19|13:27:27.754] Failed to process rollup announcement    [33mserviceID[0m=15 [33merr[0m="auth queue validation failed: authorizer hash does not match auth queue entry"
[32mINFO [0m[02-19|13:27:27.754] Rollup builder: BuildWorkPackage waiting for rollup finality [32mservice[0m=Fib [32mrunBlocks[0m=3 [32merr[0m="rollup finality not reached"
[32mINFO [0m[02-19|13:27:28.753] FIB: built rollup block                  [32mserviceID[0m=15 [32mblockNumber[0m=181 [32mtxs[0m=4 [32mrangeStart[0m=156 [32mrangeEnd[0m=181
[33mWARN [0m[02-19|13:27:28.753] BroadcastRollupAnnouncement: no targets sent [33mserviceID[0m=15 [33mcheckpoint[0m=1 [33mvalidators[0m=1 [33mmissingPeers[0m=0
[33mWARN [0m[02-19|13:27:28.753] Failed to process rollup announcement    [33mserviceID[0m=15 [33merr[0m="auth queue validation failed: authorizer hash does not match auth queue entry"
[32mINFO [0m[02-19|13:27:29.753] FIB: built rollup block                  [32mserviceID[0m=15 [32mblockNumber[0m=204 [32mtxs[0m=4 [32mrangeStart[0m=182 [32mrangeEnd[0m=204
[33mWARN [0m[02-19|13:27:29.753] BroadcastRollupAnnouncement: no targets sent [33mserviceID[0m=15 [33mcheckpoint[0m=1 [33mvalidators[0m=1 [33mmissingPeers[0m=0
[33mWARN [0m[02-19|13:27:29.753] Failed to process rollup announcement    [33mserviceID[0m=15 [33merr[0m="auth queue validation failed: authorizer hash does not match auth queue entry"
[32mINFO [0m[02-19|13:27:30.754] FIB: built rollup block                  [32mserviceID[0m=15 [32mblockNumber[0m=224 [32mtxs[0m=4 [32mrangeStart[0m=205 [32mrangeEnd[0m=224
[33mWARN [0m[02-19|13:27:30.754] BroadcastRollupAnnouncement: no targets sent [33mserviceID[0m=15 [33mcheckpoint[0m=1 [33mvalidators[0m=1 [33mmissingPeers[0m=0
[33mWARN [0m[02-19|13:27:30.754] Failed to process rollup announcement    [33mserviceID[0m=15 [33merr[0m="auth queue validation failed: authorizer hash does not match auth queue entry"
[32mINFO [0m[02-19|13:27:30.754] Rollup builder: BuildWorkPackage waiting for rollup finality [32mservice[0m=Fib [32mrunBlocks[0m=3 [32merr[0m="rollup finality not reached"
[32mINFO [0m[02-19|13:27:31.753] FIB: built rollup block                  [32mserviceID[0m=15 [32mblockNumber[0m=242 [32mtxs[0m=4 [32mrangeStart[0m=225 [32mrangeEnd[0m=242
[33mWARN [0m[02-19|13:27:31.754] BroadcastRollupAnnouncement: no targets sent [33mserviceID[0m=15 [33mcheckpoint[0m=1 [33mvalidators[0m=1 [33mmissingPeers[0m=0
[33mWARN [0m[02-19|13:27:31.754] Failed to process rollup announcement    [33mserviceID[0m=15 [33merr[0m="auth queue validation failed: authorizer hash does not match auth queue entry"
[32mINFO [0m[02-19|13:27:32.753] FIB: built rollup block                  [32mserviceID[0m=15 [32mblockNumber[0m=251 [32mtxs[0m=4 [32mrangeStart[0m=243 [32mrangeEnd[0m=251
[33mWARN [0m[02-19|13:27:32.753] BroadcastRollupAnnouncement: no targets sent [33mserviceID[0m=15 [33mcheckpoint[0m=1 [33mvalidators[0m=1 [33mmissingPeers[0m=0
[33mWARN [0m[02-19|13:27:32.753] Failed to process rollup announcement    [33mserviceID[0m=15 [33merr[0m="auth queue validation failed: authorizer hash does not match auth queue entry"
[32mINFO [0m[02-19|13:27:33.754] FIB: built rollup block                  [32mserviceID[0m=15 [32mblockNumber[0m=266 [32mtxs[0m=4 [32mrangeStart[0m=252 [32mrangeEnd[0m=266
[33mWARN [0m[02-19|13:27:33.754] BroadcastRollupAnnouncement: no targets sent [33mserviceID[0m=15 [33mcheckpoint[0m=1 [33mvalidators[0m=1 [33mmissingPeers[0m=0
[33mWARN [0m[02-19|13:27:33.754] Failed to process rollup announcement    [33mserviceID[0m=15 [33merr[0m="auth queue validation failed: authorizer hash does not match auth queue entry"
[32mINFO [0m[02-19|13:27:34.254] Rollup builder: BuildWorkPackage waiting for rollup finality [32mservice[0m=Fib [32mrunBlocks[0m=3 [32merr[0m="rollup finality not reached"
[32mINFO [0m[02-19|13:27:34.754] FIB: built rollup block                  [32mserviceID[0m=15 [32mblockNumber[0m=280 [32mtxs[0m=4 [32mrangeStart[0m=267 [32mrangeEnd[0m=280
[33mWARN [0m[02-19|13:27:34.754] BroadcastRollupAnnouncement: no targets sent [33mserviceID[0m=15 [33mcheckpoint[0m=1 [33mvalidators[0m=1 [33mmissingPeers[0m=0
[33mWARN [0m[02-19|13:27:34.754] Failed to process rollup announcement    [33mserviceID[0m=15 [33merr[0m="auth queue validation failed: authorizer hash does not match auth queue entry"
[32mINFO [0m[02-19|13:27:35.754] FIB: built rollup block                  [32mserviceID[0m=15 [32mblockNumber[0m=306 [32mtxs[0m=4 [32mrangeStart[0m=281 [32mrangeEnd[0m=306
[33mWARN [0m[02-19|13:27:35.754] BroadcastRollupAnnouncement: no targets sent [33mserviceID[0m=15 [33mcheckpoint[0m=1 [33mvalidators[0m=1 [33mmissingPeers[0m=0
[33mWARN [0m[02-19|13:27:35.754] Failed to process rollup announcement    [33mserviceID[0m=15 [33merr[0m="auth queue validation failed: authorizer hash does not match auth queue entry"
[32mINFO [0m[02-19|13:27:36.754] FIB: built rollup block                  [32mserviceID[0m=15 [32mblockNumber[0m=321 [32mtxs[0m=4 [32mrangeStart[0m=307 [32mrangeEnd[0m=321
[33mWARN [0m[02-19|13:27:36.754] BroadcastRollupAnnouncement: no targets sent [33mserviceID[0m=15 [33mcheckpoint[0m=1 [33mvalidators[0m=1 [33mmissingPeers[0m=0
[33mWARN [0m[02-19|13:27:36.754] Failed to process rollup announcement    [33mserviceID[0m=15 [33merr[0m="auth queue validation failed: authorizer hash does not match auth queue entry"
[32mINFO [0m[02-19|13:27:37.754] FIB: built rollup block                  [32mserviceID[0m=15 [32mblockNumber[0m=339 [32mtxs[0m=4 [32mrangeStart[0m=322 [32mrangeEnd[0m=339
[33mWARN [0m[02-19|13:27:37.754] BroadcastRollupAnnouncement: no targets sent [33mserviceID[0m=15 [33mcheckpoint[0m=1 [33mvalidators[0m=1 [33mmissingPeers[0m=0
[33mWARN [0m[02-19|13:27:37.754] Failed to process rollup announcement    [33mserviceID[0m=15 [33merr[0m="auth queue validation failed: authorizer hash does not match auth queue entry"
[32mINFO [0m[02-19|13:27:37.755] Rollup builder: BuildWorkPackage waiting for rollup finality [32mservice[0m=Fib [32mrunBlocks[0m=3 [32merr[0m="rollup finality not reached"
[32mINFO [0m[02-19|13:27:38.754] FIB: built rollup block                  [32mserviceID[0m=15 [32mblockNumber[0m=359 [32mtxs[0m=4 [32mrangeStart[0m=340 [32mrangeEnd[0m=359
[33mWARN [0m[02-19|13:27:38.754] BroadcastRollupAnnouncement: no targets sent [33mserviceID[0m=15 [33mcheckpoint[0m=1 [33mvalidators[0m=1 [33mmissingPeers[0m=0
[33mWARN [0m[02-19|13:27:38.754] Failed to process rollup announcement    [33mserviceID[0m=15 [33merr[0m="auth queue validation failed: authorizer hash does not match auth queue entry"
[32mINFO [0m[02-19|13:27:39.754] FIB: built rollup block                  [32mserviceID[0m=15 [32mblockNumber[0m=382 [32mtxs[0m=4 [32mrangeStart[0m=360 [32mrangeEnd[0m=382
[33mWARN [0m[02-19|13:27:39.754] BroadcastRollupAnnouncement: no targets sent [33mserviceID[0m=15 [33mcheckpoint[0m=1 [33mvalidators[0m=1 [33mmissingPeers[0m=0
[33mWARN [0m[02-19|13:27:39.754] Failed to process rollup announcement    [33mserviceID[0m=15 [33merr[0m="auth queue validation failed: authorizer hash does not match auth queue entry"
[32mINFO [0m[02-19|13:27:40.753] FIB: built rollup block                  [32mserviceID[0m=15 [32mblockNumber[0m=396 [32mtxs[0m=4 [32mrangeStart[0m=383 [32mrangeEnd[0m=396
[33mWARN [0m[02-19|13:27:40.753] BroadcastRollupAnnouncement: no targets sent [33mserviceID[0m=15 [33mcheckpoint[0m=1 [33mvalidators[0m=1 [33mmissingPeers[0m=0
[33mWARN [0m[02-19|13:27:40.753] Failed to process rollup announcement    [33mserviceID[0m=15 [33merr[0m="auth queue validation failed: authorizer hash does not match auth queue entry"
[32mINFO [0m[02-19|13:27:41.254] Rollup builder: BuildWorkPackage waiting for rollup finality [32mservice[0m=Fib [32mrunBlocks[0m=3 [32merr[0m="rollup finality not reached"
[32mINFO [0m[02-19|13:27:41.753] FIB: built rollup block                  [32mserviceID[0m=15 [32mblockNumber[0m=421 [32mtxs[0m=4 [32mrangeStart[0m=397 [32mrangeEnd[0m=421
[33mWARN [0m[02-19|13:27:41.753] BroadcastRollupAnnouncement: no targets sent [33mserviceID[0m=15 [33mcheckpoint[0m=1 [33mvalidators[0m=1 [33mmissingPeers[0m=0
[33mWARN [0m[02-19|13:27:41.753] Failed to process rollup announcement    [33mserviceID[0m=15 [33merr[0m="auth queue validation failed: authorizer hash does not match auth queue entry"
[32mINFO [0m[02-19|13:27:42.753] FIB: built rollup block                  [32mserviceID[0m=15 [32mblockNumber[0m=436 [32mtxs[0m=4 [32mrangeStart[0m=422 [32mrangeEnd[0m=436
[33mWARN [0m[02-19|13:27:42.753] BroadcastRollupAnnouncement: no targets sent [33mserviceID[0m=15 [33mcheckpoint[0m=1 [33mvalidators[0m=1 [33mmissingPeers[0m=0
[33mWARN [0m[02-19|13:27:42.753] Failed to process rollup announcement    [33mserviceID[0m=15 [33merr[0m="auth queue validation failed: authorizer hash does not match auth queue entry"
[32mINFO [0m[02-19|13:27:43.753] FIB: built rollup block                  [32mserviceID[0m=15 [32mblockNumber[0m=460 [32mtxs[0m=4 [32mrangeStart[0m=437 [32mrangeEnd[0m=460
[33mWARN [0m[02-19|13:27:43.753] BroadcastRollupAnnouncement: no targets sent [33mserviceID[0m=15 [33mcheckpoint[0m=1 [33mvalidators[0m=1 [33mmissingPeers[0m=0
[33mWARN [0m[02-19|13:27:43.753] Failed to process rollup announcement    [33mserviceID[0m=15 [33merr[0m="auth queue validation failed: authorizer hash does not match auth queue entry"
[32mINFO [0m[02-19|13:27:44.753] FIB: built rollup block                  [32mserviceID[0m=15 [32mblockNumber[0m=486 [32mtxs[0m=4 [32mrangeStart[0m=461 [32mrangeEnd[0m=486
[33mWARN [0m[02-19|13:27:44.753] BroadcastRollupAnnouncement: no targets sent [33mserviceID[0m=15 [33mcheckpoint[0m=1 [33mvalidators[0m=1 [33mmissingPeers[0m=0
[33mWARN [0m[02-19|13:27:44.753] Failed to process rollup announcement    [33mserviceID[0m=15 [33merr[0m="auth queue validation failed: authorizer hash does not match auth queue entry"
[32mINFO [0m[02-19|13:27:44.753] Rollup builder: BuildWorkPackage waiting for rollup finality [32mservice[0m=Fib [32mrunBlocks[0m=3 [32merr[0m="rollup finality not reached"
[32mINFO [0m[02-19|13:27:45.753] FIB: built rollup block                  [32mserviceID[0m=15 [32mblockNumber[0m=503 [32mtxs[0m=4 [32mrangeStart[0m=487 [32mrangeEnd[0m=503
[33mWARN [0m[02-19|13:27:45.753] BroadcastRollupAnnouncement: no targets sent [33mserviceID[0m=15 [33mcheckpoint[0m=1 [33mvalidators[0m=1 [33mmissingPeers[0m=0
[33mWARN [0m[02-19|13:27:45.753] Failed to process rollup announcement    [33mserviceID[0m=15 [33merr[0m="auth queue validation failed: authorizer hash does not match auth queue entry"
[32mINFO [0m[02-19|13:27:46.753] FIB: built rollup block                  [32mserviceID[0m=15 [32mblockNumber[0m=514 [32mtxs[0m=4 [32mrangeStart[0m=504 [32mrangeEnd[0m=514
[33mWARN [0m[02-19|13:27:46.754] BroadcastRollupAnnouncement: no targets sent [33mserviceID[0m=15 [33mcheckpoint[0m=1 [33mvalidators[0m=1 [33mmissingPeers[0m=0
[33mWARN [0m[02-19|13:27:46.754] Failed to process rollup announcement    [33mserviceID[0m=15 [33merr[0m="auth queue validation failed: authorizer hash does not match auth queue entry"
[32mINFO [0m[02-19|13:27:47.753] FIB: built rollup block                  [32mserviceID[0m=15 [32mblockNumber[0m=531 [32mtxs[0m=4 [32mrangeStart[0m=515 [32mrangeEnd[0m=531
[33mWARN [0m[02-19|13:27:47.753] BroadcastRollupAnnouncement: no targets sent [33mserviceID[0m=15 [33mcheckpoint[0m=1 [33mvalidators[0m=1 [33mmissingPeers[0m=0
[33mWARN [0m[02-19|13:27:47.753] Failed to process rollup announcement    [33mserviceID[0m=15 [33merr[0m="auth queue validation failed: authorizer hash does not match auth queue entry"
[32mINFO [0m[02-19|13:27:47.754] Rollup builder: BuildWorkPackage waiting for rollup finality [32mservice[0m=Fib [32mrunBlocks[0m=3 [32merr[0m="rollup finality not reached"
[33mWARN [0m[02-19|13:27:48.226] GetMiddleBlocks                          [33mattempt[0m=1 [33mnum[0m=54        [33mblockHash[0m=0xff736a6b2331b1b2ce10619e5093cb40b968b55e22dc9c4a1e9460ea0fb5e7e3 [33mblocksRaw.Len[0m=5 [33misSync[0m=false
[32mINFO [0m[02-19|13:27:48.226] SetIsSync                                [32mn[0m=[N6] [32misSync[0m=false [32mreason[0m="behind others"
[32mINFO [0m[02-19|13:27:48.753] FIB: built rollup block                  [32mserviceID[0m=15 [32mblockNumber[0m=550 [32mtxs[0m=4 [32mrangeStart[0m=532 [32mrangeEnd[0m=550
[33mWARN [0m[02-19|13:27:48.753] BroadcastRollupAnnouncement: no targets sent [33mserviceID[0m=15 [33mcheckpoint[0m=1 [33mvalidators[0m=1 [33mmissingPeers[0m=0
[33mWARN [0m[02-19|13:27:48.753] Failed to process rollup announcement    [33mserviceID[0m=15 [33merr[0m="auth queue validation failed: authorizer hash does not match auth queue entry"
[32mINFO [0m[02-19|13:27:49.753] FIB: built rollup block                  [32mserviceID[0m=15 [32mblockNumber[0m=571 [32mtxs[0m=4 [32mrangeStart[0m=551 [32mrangeEnd[0m=571
[33mWARN [0m[02-19|13:27:49.754] BroadcastRollupAnnouncement: no targets sent [33mserviceID[0m=15 [33mcheckpoint[0m=1 [33mvalidators[0m=1 [33mmissingPeers[0m=0
[33mWARN [0m[02-19|13:27:49.754] Failed to process rollup announcement    [33mserviceID[0m=15 [33merr[0m="auth queue validation failed: authorizer hash does not match auth queue entry"
[32mINFO [0m[02-19|13:27:50.753] FIB: built rollup block                  [32mserviceID[0m=15 [32mblockNumber[0m=587 [32mtxs[0m=4 [32mrangeStart[0m=572 [32mrangeEnd[0m=587
[33mWARN [0m[02-19|13:27:50.753] BroadcastRollupAnnouncement: no targets sent [33mserviceID[0m=15 [33mcheckpoint[0m=1 [33mvalidators[0m=1 [33mmissingPeers[0m=0
[33mWARN [0m[02-19|13:27:50.753] Failed to process rollup announcement    [33mserviceID[0m=15 [33merr[0m="auth queue validation failed: authorizer hash does not match auth queue entry"
[32mINFO [0m[02-19|13:27:50.754] Rollup builder: BuildWorkPackage waiting for rollup finality [32mservice[0m=Fib [32mrunBlocks[0m=3 [32merr[0m="rollup finality not reached"
[32mINFO [0m[02-19|13:27:51.753] FIB: built rollup block                  [32mserviceID[0m=15 [32mblockNumber[0m=606 [32mtxs[0m=4 [32mrangeStart[0m=588 [32mrangeEnd[0m=606
[33mWARN [0m[02-19|13:27:51.753] BroadcastRollupAnnouncement: no targets sent [33mserviceID[0m=15 [33mcheckpoint[0m=1 [33mvalidators[0m=1 [33mmissingPeers[0m=0
[33mWARN [0m[02-19|13:27:51.753] Failed to process rollup announcement    [33mserviceID[0m=15 [33merr[0m="auth queue validation failed: authorizer hash does not match auth queue entry"
[32mINFO [0m[02-19|13:27:52.753] FIB: built rollup block                  [32mserviceID[0m=15 [32mblockNumber[0m=621 [32mtxs[0m=4 [32mrangeStart[0m=607 [32mrangeEnd[0m=621
[33mWARN [0m[02-19|13:27:52.753] BroadcastRollupAnnouncement: no targets sent [33mserviceID[0m=15 [33mcheckpoint[0m=1 [33mvalidators[0m=1 [33mmissingPeers[0m=0
[33mWARN [0m[02-19|13:27:52.753] Failed to process rollup announcement    [33mserviceID[0m=15 [33merr[0m="auth queue validation failed: authorizer hash does not match auth queue entry"
[31mERROR[0m[02-19|13:27:53.228] GetOrInitBlockAnnouncementStream         [31merr[0m="timeout: no recent network activity"
[33mWARN [0m[02-19|13:27:53.228] GetOrInitBlockAnnouncementStream         [33mn[0m=[N6] [33m->p[0m=elfaiiixcuzmzroa34lajwp52cdsucikaxdviaoeuvnygdi3imtba [33merr[0m="peer elfaiiixcuzmzroa34lajwp52cdsucikaxdviaoeuvnygdi3imtba connection is nil"
[32mINFO [0m[02-19|13:27:53.753] FIB: built rollup block                  [32mserviceID[0m=15 [32mblockNumber[0m=635 [32mtxs[0m=4 [32mrangeStart[0m=622 [32mrangeEnd[0m=635
[33mWARN [0m[02-19|13:27:53.753] BroadcastRollupAnnouncement: no targets sent [33mserviceID[0m=15 [33mcheckpoint[0m=1 [33mvalidators[0m=1 [33mmissingPeers[0m=0
[33mWARN [0m[02-19|13:27:53.753] Failed to process rollup announcement    [33mserviceID[0m=15 [33merr[0m="auth queue validation failed: authorizer hash does not match auth queue entry"
[32mINFO [0m[02-19|13:27:54.253] Rollup builder: BuildWorkPackage waiting for rollup finality [32mservice[0m=Fib [32mrunBlocks[0m=3 [32merr[0m="rollup finality not reached"
[32mINFO [0m[02-19|13:27:54.753] FIB: built rollup block                  [32mserviceID[0m=15 [32mblockNumber[0m=654 [32mtxs[0m=4 [32mrangeStart[0m=636 [32mrangeEnd[0m=654
[33mWARN [0m[02-19|13:27:54.753] BroadcastRollupAnnouncement: no targets sent [33mserviceID[0m=15 [33mcheckpoint[0m=1 [33mvalidators[0m=1 [33mmissingPeers[0m=0
[33mWARN [0m[02-19|13:27:54.753] Failed to process rollup announcement    [33mserviceID[0m=15 [33merr[0m="auth queue validation failed: authorizer hash does not match auth queue entry"
[32mINFO [0m[02-19|13:27:55.754] FIB: built rollup block                  [32mserviceID[0m=15 [32mblockNumber[0m=666 [32mtxs[0m=4 [32mrangeStart[0m=655 [32mrangeEnd[0m=666
[33mWARN [0m[02-19|13:27:55.754] BroadcastRollupAnnouncement: no targets sent [33mserviceID[0m=15 [33mcheckpoint[0m=1 [33mvalidators[0m=1 [33mmissingPeers[0m=0
[33mWARN [0m[02-19|13:27:55.754] Failed to process rollup announcement    [33mserviceID[0m=15 [33merr[0m="auth queue validation failed: authorizer hash does not match auth queue entry"
[32mINFO [0m[02-19|13:27:56.753] FIB: built rollup block                  [32mserviceID[0m=15 [32mblockNumber[0m=685 [32mtxs[0m=4 [32mrangeStart[0m=667 [32mrangeEnd[0m=685
[33mWARN [0m[02-19|13:27:56.753] BroadcastRollupAnnouncement: no targets sent [33mserviceID[0m=15 [33mcheckpoint[0m=1 [33mvalidators[0m=1 [33mmissingPeers[0m=0
[33mWARN [0m[02-19|13:27:56.753] Failed to process rollup announcement    [33mserviceID[0m=15 [33merr[0m="auth queue validation failed: authorizer hash does not match auth queue entry"
[32mINFO [0m[02-19|13:27:57.253] Rollup builder: BuildWorkPackage waiting for rollup finality [32mservice[0m=Fib [32mrunBlocks[0m=3 [32merr[0m="rollup finality not reached"
[32mINFO [0m[02-19|13:27:57.753] FIB: built rollup block                  [32mserviceID[0m=15 [32mblockNumber[0m=709 [32mtxs[0m=4 [32mrangeStart[0m=686 [32mrangeEnd[0m=709
[33mWARN [0m[02-19|13:27:57.753] BroadcastRollupAnnouncement: no targets sent [33mserviceID[0m=15 [33mcheckpoint[0m=1 [33mvalidators[0m=1 [33mmissingPeers[0m=0
[33mWARN [0m[02-19|13:27:57.753] Failed to process rollup announcement    [33mserviceID[0m=15 [33merr[0m="auth queue validation failed: authorizer hash does not match auth queue entry"
[32mINFO [0m[02-19|13:27:58.753] FIB: built rollup block                  [32mserviceID[0m=15 [32mblockNumber[0m=720 [32mtxs[0m=4 [32mrangeStart[0m=710 [32mrangeEnd[0m=720
[33mWARN [0m[02-19|13:27:58.753] BroadcastRollupAnnouncement: no targets sent [33mserviceID[0m=15 [33mcheckpoint[0m=1 [33mvalidators[0m=1 [33mmissingPeers[0m=0
[33mWARN [0m[02-19|13:27:58.753] Failed to process rollup announcement    [33mserviceID[0m=15 [33merr[0m="auth queue validation failed: authorizer hash does not match auth queue entry"
[32mINFO [0m[02-19|13:27:59.753] FIB: built rollup block                  [32mserviceID[0m=15 [32mblockNumber[0m=743 [32mtxs[0m=4 [32mrangeStart[0m=721 [32mrangeEnd[0m=743
[33mWARN [0m[02-19|13:27:59.753] BroadcastRollupAnnouncement: no targets sent [33mserviceID[0m=15 [33mcheckpoint[0m=1 [33mvalidators[0m=1 [33mmissingPeers[0m=0
[33mWARN [0m[02-19|13:27:59.753] Failed to process rollup announcement    [33mserviceID[0m=15 [33merr[0m="auth queue validation failed: authorizer hash does not match auth queue entry"
[32mINFO [0m[02-19|13:28:00.254] Rollup builder: BuildWorkPackage waiting for rollup finality [32mservice[0m=Fib [32mrunBlocks[0m=3 [32merr[0m="rollup finality not reached"
[32mINFO [0m[02-19|13:28:00.753] FIB: built rollup block                  [32mserviceID[0m=15 [32mblockNumber[0m=752 [32mtxs[0m=4 [32mrangeStart[0m=744 [32mrangeEnd[0m=752
[33mWARN [0m[02-19|13:28:00.753] BroadcastRollupAnnouncement: no targets sent [33mserviceID[0m=15 [33mcheckpoint[0m=1 [33mvalidators[0m=1 [33mmissingPeers[0m=0
[33mWARN [0m[02-19|13:28:00.753] Failed to process rollup announcement    [33mserviceID[0m=15 [33merr[0m="auth queue validation failed: authorizer hash does not match auth queue entry"
[32mINFO [0m[02-19|13:28:01.753] FIB: built rollup block                  [32mserviceID[0m=15 [32mblockNumber[0m=777 [32mtxs[0m=4 [32mrangeStart[0m=753 [32mrangeEnd[0m=777
[33mWARN [0m[02-19|13:28:01.753] BroadcastRollupAnnouncement: no targets sent [33mserviceID[0m=15 [33mcheckpoint[0m=1 [33mvalidators[0m=1 [33mmissingPeers[0m=0
[33mWARN [0m[02-19|13:28:01.754] Failed to process rollup announcement    [33mserviceID[0m=15 [33merr[0m="auth queue validation failed: authorizer hash does not match auth queue entry"
[32mINFO [0m[02-19|13:28:02.754] FIB: built rollup block                  [32mserviceID[0m=15 [32mblockNumber[0m=793 [32mtxs[0m=4 [32mrangeStart[0m=778 [32mrangeEnd[0m=793
[33mWARN [0m[02-19|13:28:02.754] BroadcastRollupAnnouncement: no targets sent [33mserviceID[0m=15 [33mcheckpoint[0m=1 [33mvalidators[0m=1 [33mmissingPeers[0m=0
[33mWARN [0m[02-19|13:28:02.754] Failed to process rollup announcement    [33mserviceID[0m=15 [33merr[0m="auth queue validation failed: authorizer hash does not match auth queue entry"
[32mINFO [0m[02-19|13:28:03.753] FIB: built rollup block                  [32mserviceID[0m=15 [32mblockNumber[0m=813 [32mtxs[0m=4 [32mrangeStart[0m=794 [32mrangeEnd[0m=813
[33mWARN [0m[02-19|13:28:03.754] BroadcastRollupAnnouncement: no targets sent [33mserviceID[0m=15 [33mcheckpoint[0m=1 [33mvalidators[0m=1 [33mmissingPeers[0m=0
[33mWARN [0m[02-19|13:28:03.754] Failed to process rollup announcement    [33mserviceID[0m=15 [33merr[0m="auth queue validation failed: authorizer hash does not match auth queue entry"
[32mINFO [0m[02-19|13:28:03.754] Rollup builder: BuildWorkPackage waiting for rollup finality [32mservice[0m=Fib [32mrunBlocks[0m=3 [32merr[0m="rollup finality not reached"
[32mINFO [0m[02-19|13:28:04.753] FIB: built rollup block                  [32mserviceID[0m=15 [32mblockNumber[0m=826 [32mtxs[0m=4 [32mrangeStart[0m=814 [32mrangeEnd[0m=826
[33mWARN [0m[02-19|13:28:04.754] BroadcastRollupAnnouncement: no targets sent [33mserviceID[0m=15 [33mcheckpoint[0m=1 [33mvalidators[0m=1 [33mmissingPeers[0m=0
[33mWARN [0m[02-19|13:28:04.754] Failed to process rollup announcement    [33mserviceID[0m=15 [33merr[0m="auth queue validation failed: authorizer hash does not match auth queue entry"
[32mINFO [0m[02-19|13:28:05.753] FIB: built rollup block                  [32mserviceID[0m=15 [32mblockNumber[0m=842 [32mtxs[0m=4 [32mrangeStart[0m=827 [32mrangeEnd[0m=842
[33mWARN [0m[02-19|13:28:05.753] BroadcastRollupAnnouncement: no targets sent [33mserviceID[0m=15 [33mcheckpoint[0m=1 [33mvalidators[0m=1 [33mmissingPeers[0m=0
[33mWARN [0m[02-19|13:28:05.754] Failed to process rollup announcement    [33mserviceID[0m=15 [33merr[0m="auth queue validation failed: authorizer hash does not match auth queue entry"
[32mINFO [0m[02-19|13:28:06.753] FIB: built rollup block                  [32mserviceID[0m=15 [32mblockNumber[0m=865 [32mtxs[0m=4 [32mrangeStart[0m=843 [32mrangeEnd[0m=865
[33mWARN [0m[02-19|13:28:06.753] BroadcastRollupAnnouncement: no targets sent [33mserviceID[0m=15 [33mcheckpoint[0m=1 [33mvalidators[0m=1 [33mmissingPeers[0m=0
[33mWARN [0m[02-19|13:28:06.753] Failed to process rollup announcement    [33mserviceID[0m=15 [33merr[0m="auth queue validation failed: authorizer hash does not match auth queue entry"
[32mINFO [0m[02-19|13:28:07.254] Rollup builder: BuildWorkPackage waiting for rollup finality [32mservice[0m=Fib [32mrunBlocks[0m=3 [32merr[0m="rollup finality not reached"
[32mINFO [0m[02-19|13:28:07.754] FIB: built rollup block                  [32mserviceID[0m=15 [32mblockNumber[0m=874 [32mtxs[0m=4 [32mrangeStart[0m=866 [32mrangeEnd[0m=874
[33mWARN [0m[02-19|13:28:07.754] BroadcastRollupAnnouncement: no targets sent [33mserviceID[0m=15 [33mcheckpoint[0m=1 [33mvalidators[0m=1 [33mmissingPeers[0m=0
[33mWARN [0m[02-19|13:28:07.754] Failed to process rollup announcement    [33mserviceID[0m=15 [33merr[0m="auth queue validation failed: authorizer hash does not match auth queue entry"
[32mINFO [0m[02-19|13:28:08.753] FIB: built rollup block                  [32mserviceID[0m=15 [32mblockNumber[0m=892 [32mtxs[0m=4 [32mrangeStart[0m=875 [32mrangeEnd[0m=892
[33mWARN [0m[02-19|13:28:08.753] BroadcastRollupAnnouncement: no targets sent [33mserviceID[0m=15 [33mcheckpoint[0m=1 [33mvalidators[0m=1 [33mmissingPeers[0m=0
[33mWARN [0m[02-19|13:28:08.753] Failed to process rollup announcement    [33mserviceID[0m=15 [33merr[0m="auth queue validation failed: authorizer hash does not match auth queue entry"
[32mINFO [0m[02-19|13:28:09.753] Rollup builder: pending block backlog reached soft limit; throttling block build [32mservice[0m=Fib [32mpending[0m=49 [32mpendingSoftLimit[0m=48
[32mINFO [0m[02-19|13:28:10.753] FIB: built rollup block                  [32mserviceID[0m=15 [32mblockNumber[0m=911 [32mtxs[0m=4 [32mrangeStart[0m=893 [32mrangeEnd[0m=911
[33mWARN [0m[02-19|13:28:10.753] BroadcastRollupAnnouncement: no targets sent [33mserviceID[0m=15 [33mcheckpoint[0m=1 [33mvalidators[0m=1 [33mmissingPeers[0m=0
[32mINFO [0m[02-19|13:28:10.753] Rollup builder: BuildWorkPackage waiting for rollup finality [32mservice[0m=Fib [32mrunBlocks[0m=3 [32merr[0m="rollup finality not reached"
[33mWARN [0m[02-19|13:28:10.753] Failed to process rollup announcement    [33mserviceID[0m=15 [33merr[0m="auth queue validation failed: authorizer hash does not match auth queue entry"
[32mINFO [0m[02-19|13:28:11.753] FIB: built rollup block                  [32mserviceID[0m=15 [32mblockNumber[0m=928 [32mtxs[0m=4 [32mrangeStart[0m=912 [32mrangeEnd[0m=928
[33mWARN [0m[02-19|13:28:11.753] BroadcastRollupAnnouncement: no targets sent [33mserviceID[0m=15 [33mcheckpoint[0m=1 [33mvalidators[0m=1 [33mmissingPeers[0m=0
[33mWARN [0m[02-19|13:28:11.753] Failed to process rollup announcement    [33mserviceID[0m=15 [33merr[0m="auth queue validation failed: authorizer hash does not match auth queue entry"
[32mINFO [0m[02-19|13:28:13.753] Rollup builder: pending block backlog reached soft limit; throttling block build [32mservice[0m=Fib [32mpending[0m=48 [32mpendingSoftLimit[0m=48
[32mINFO [0m[02-19|13:28:14.253] Rollup builder: BuildWorkPackage waiting for rollup finality [32mservice[0m=Fib [32mrunBlocks[0m=3 [32merr[0m="rollup finality not reached"
[32mINFO [0m[02-19|13:28:16.753] Rollup builder: pending block backlog reached soft limit; throttling block build [32mservice[0m=Fib [32mpending[0m=48 [32mpendingSoftLimit[0m=48
[32mINFO [0m[02-19|13:28:17.754] Rollup builder: BuildWorkPackage waiting for rollup finality [32mservice[0m=Fib [32mrunBlocks[0m=3 [32merr[0m="rollup finality not reached"
[32mINFO [0m[02-19|13:28:19.753] Rollup builder: pending block backlog reached soft limit; throttling block build [32mservice[0m=Fib [32mpending[0m=48 [32mpendingSoftLimit[0m=48
[32mINFO [0m[02-19|13:28:21.254] Rollup builder: BuildWorkPackage waiting for rollup finality [32mservice[0m=Fib [32mrunBlocks[0m=3 [32merr[0m="rollup finality not reached"
[32mINFO [0m[02-19|13:28:23.753] Rollup builder: pending block backlog reached soft limit; throttling block build [32mservice[0m=Fib [32mpending[0m=48 [32mpendingSoftLimit[0m=48
[32mINFO [0m[02-19|13:28:24.754] Rollup builder: BuildWorkPackage waiting for rollup finality [32mservice[0m=Fib [32mrunBlocks[0m=3 [32merr[0m="rollup finality not reached"
[32mINFO [0m[02-19|13:28:26.753] Rollup builder: pending block backlog reached soft limit; throttling block build [32mservice[0m=Fib [32mpending[0m=51 [32mpendingSoftLimit[0m=48
[32mINFO [0m[02-19|13:28:27.754] Rollup builder: BuildWorkPackage waiting for rollup finality [32mservice[0m=Fib [32mrunBlocks[0m=3 [32merr[0m="rollup finality not reached"
[32mINFO [0m[02-19|13:28:29.753] Rollup builder: pending block backlog reached soft limit; throttling block build [32mservice[0m=Fib [32mpending[0m=48 [32mpendingSoftLimit[0m=48
[32mINFO [0m[02-19|13:28:31.253] Rollup builder: BuildWorkPackage waiting for rollup finality [32mservice[0m=Fib [32mrunBlocks[0m=3 [32merr[0m="rollup finality not reached"
[32mINFO [0m[02-19|13:28:32.753] Rollup builder: pending block backlog reached soft limit; throttling block build [32mservice[0m=Fib [32mpending[0m=48 [32mpendingSoftLimit[0m=48
[32mINFO [0m[02-19|13:28:34.253] Rollup builder: BuildWorkPackage waiting for rollup finality [32mservice[0m=Fib [32mrunBlocks[0m=3 [32merr[0m="rollup finality not reached"
[32mINFO [0m[02-19|13:28:36.753] Rollup builder: pending block backlog reached soft limit; throttling block build [32mservice[0m=Fib [32mpending[0m=48 [32mpendingSoftLimit[0m=48
[32mINFO [0m[02-19|13:28:37.253] Rollup builder: BuildWorkPackage waiting for rollup finality [32mservice[0m=Fib [32mrunBlocks[0m=3 [32merr[0m="rollup finality not reached"
[32mINFO [0m[02-19|13:28:40.753] Rollup builder: pending block backlog reached soft limit; throttling block build [32mservice[0m=Fib [32mpending[0m=48 [32mpendingSoftLimit[0m=48
[32mINFO [0m[02-19|13:28:40.753] Rollup builder: BuildWorkPackage waiting for rollup finality [32mservice[0m=Fib [32mrunBlocks[0m=3 [32merr[0m="rollup finality not reached"
[32mINFO [0m[02-19|13:28:44.253] Rollup builder: BuildWorkPackage waiting for rollup finality [32mservice[0m=Fib [32mrunBlocks[0m=3 [32merr[0m="rollup finality not reached"
[32mINFO [0m[02-19|13:28:44.753] Rollup builder: pending block backlog reached soft limit; throttling block build [32mservice[0m=Fib [32mpending[0m=48 [32mpendingSoftLimit[0m=48
[32mINFO [0m[02-19|13:28:47.254] Rollup builder: BuildWorkPackage waiting for rollup finality [32mservice[0m=Fib [32mrunBlocks[0m=3 [32merr[0m="rollup finality not reached"
[32mINFO [0m[02-19|13:28:47.753] Rollup builder: pending block backlog reached soft limit; throttling block build [32mservice[0m=Fib [32mpending[0m=48 [32mpendingSoftLimit[0m=48
[32mINFO [0m[02-19|13:28:50.753] Rollup builder: pending block backlog reached soft limit; throttling block build [32mservice[0m=Fib [32mpending[0m=51 [32mpendingSoftLimit[0m=48
[32mINFO [0m[02-19|13:28:50.754] Rollup builder: BuildWorkPackage waiting for rollup finality [32mservice[0m=Fib [32mrunBlocks[0m=3 [32merr[0m="rollup finality not reached"
[32mINFO [0m[02-19|13:28:54.254] Rollup builder: BuildWorkPackage waiting for rollup finality [32mservice[0m=Fib [32mrunBlocks[0m=3 [32merr[0m="rollup finality not reached"
[32mINFO [0m[02-19|13:28:54.753] Rollup builder: pending block backlog reached soft limit; throttling block build [32mservice[0m=Fib [32mpending[0m=48 [32mpendingSoftLimit[0m=48
[32mINFO [0m[02-19|13:28:57.753] Rollup builder: BuildWorkPackage waiting for rollup finality [32mservice[0m=Fib [32mrunBlocks[0m=3 [32merr[0m="rollup finality not reached"
[32mINFO [0m[02-19|13:28:58.753] Rollup builder: pending block backlog reached soft limit; throttling block build [32mservice[0m=Fib [32mpending[0m=48 [32mpendingSoftLimit[0m=48
[32mINFO [0m[02-19|13:29:01.253] Rollup builder: BuildWorkPackage waiting for rollup finality [32mservice[0m=Fib [32mrunBlocks[0m=3 [32merr[0m="rollup finality not reached"
[32mINFO [0m[02-19|13:29:02.753] Rollup builder: pending block backlog reached soft limit; throttling block build [32mservice[0m=Fib [32mpending[0m=51 [32mpendingSoftLimit[0m=48
[32mINFO [0m[02-19|13:29:04.753] Rollup builder: BuildWorkPackage waiting for rollup finality [32mservice[0m=Fib [32mrunBlocks[0m=3 [32merr[0m="rollup finality not reached"
[32mINFO [0m[02-19|13:29:05.753] Rollup builder: pending block backlog reached soft limit; throttling block build [32mservice[0m=Fib [32mpending[0m=48 [32mpendingSoftLimit[0m=48
[32mINFO [0m[02-19|13:29:07.754] Rollup builder: BuildWorkPackage waiting for rollup finality [32mservice[0m=Fib [32mrunBlocks[0m=3 [32merr[0m="rollup finality not reached"
[32mINFO [0m[02-19|13:29:08.753] Rollup builder: pending block backlog reached soft limit; throttling block build [32mservice[0m=Fib [32mpending[0m=48 [32mpendingSoftLimit[0m=48
[32mINFO [0m[02-19|13:29:11.253] Rollup builder: BuildWorkPackage waiting for rollup finality [32mservice[0m=Fib [32mrunBlocks[0m=3 [32merr[0m="rollup finality not reached"
[32mINFO [0m[02-19|13:29:11.753] Rollup builder: pending block backlog reached soft limit; throttling block build [32mservice[0m=Fib [32mpending[0m=48 [32mpendingSoftLimit[0m=48
[32mINFO [0m[02-19|13:29:14.253] Rollup builder: BuildWorkPackage waiting for rollup finality [32mservice[0m=Fib [32mrunBlocks[0m=3 [32merr[0m="rollup finality not reached"
[32mINFO [0m[02-19|13:29:15.753] Rollup builder: pending block backlog reached soft limit; throttling block build [32mservice[0m=Fib [32mpending[0m=51 [32mpendingSoftLimit[0m=48
[32mINFO [0m[02-19|13:29:17.254] Rollup builder: BuildWorkPackage waiting for rollup finality [32mservice[0m=Fib [32mrunBlocks[0m=3 [32merr[0m="rollup finality not reached"
[32mINFO [0m[02-19|13:29:18.754] Rollup builder: pending block backlog reached soft limit; throttling block build [32mservice[0m=Fib [32mpending[0m=48 [32mpendingSoftLimit[0m=48
[32mINFO [0m[02-19|13:29:20.254] Rollup builder: BuildWorkPackage waiting for rollup finality [32mservice[0m=Fib [32mrunBlocks[0m=3 [32merr[0m="rollup finality not reached"
